<?xml version="1.0" encoding="UTF-8" ?>
<testsuite errors="2" failures="1" hostname="StarFight-PC" name="pictureuploader.RoleControllerSpec" tests="7" time="1.107" timestamp="2013-11-15T11:24:01">
  <properties />
  <testcase classname="pictureuploader.RoleControllerSpec" name="Test the index action returns the correct model" time="0.357" />
  <testcase classname="pictureuploader.RoleControllerSpec" name="Test the create action returns the correct model" time="0.083" />
  <testcase classname="pictureuploader.RoleControllerSpec" name="Test the save action correctly persists an instance" time="0.135">
    <error message="Cannot redirect for object [pictureuploader.Role : (unsaved)] it is not a domain or has no identifier. Use an explicit redirect instead " type="org.codehaus.groovy.grails.web.servlet.mvc.exceptions.CannotRedirectException">org.codehaus.groovy.grails.web.servlet.mvc.exceptions.CannotRedirectException: Cannot redirect for object [pictureuploader.Role : (unsaved)] it is not a domain or has no identifier. Use an explicit redirect instead 
	at pictureuploader.RoleController.save_closure4_closure9_closure10(RoleController.groovy:43)
	at pictureuploader.RoleController.save_closure4(RoleController.groovy:40)
	at pictureuploader.RoleControllerSpec.Test the save action correctly persists an instance(RoleControllerSpec.groovy:52)
</error>
  </testcase>
  <testcase classname="pictureuploader.RoleControllerSpec" name="Test that the show action returns the correct model" time="0.074" />
  <testcase classname="pictureuploader.RoleControllerSpec" name="Test that the edit action returns the correct model" time="0.069" />
  <testcase classname="pictureuploader.RoleControllerSpec" name="Test the update action performs an update on a valid domain instance" time="0.148">
    <error message="Cannot get property &apos;id&apos; on null object" type="java.lang.NullPointerException">java.lang.NullPointerException: Cannot get property &apos;id&apos; on null object
	at pictureuploader.RoleControllerSpec.Test the update action performs an update on a valid domain instance(RoleControllerSpec.groovy:118)
</error>
  </testcase>
  <testcase classname="pictureuploader.RoleControllerSpec" name="Test that the delete action deletes an instance if it exists" time="0.095">
    <failure message="Condition not satisfied:&#xa;&#xa;Role.count() == 1&#xa;     |       |&#xa;     0       false&#xa;" type="junit.framework.AssertionFailedError">junit.framework.AssertionFailedError: Condition not satisfied:

Role.count() == 1
     |       |
     0       false

	at pictureuploader.RoleControllerSpec.Test that the delete action deletes an instance if it exists(RoleControllerSpec.groovy:136)
</failure>
  </testcase>
  <system-out><![CDATA[--Output from Test the index action returns the correct model--
--Output from Test the create action returns the correct model--
--Output from Test the save action correctly persists an instance--
--Output from Test that the show action returns the correct model--
--Output from Test that the edit action returns the correct model--
--Output from Test the update action performs an update on a valid domain instance--
--Output from Test that the delete action deletes an instance if it exists--
]]></system-out>
  <system-err><![CDATA[--Output from Test the index action returns the correct model--
--Output from Test the create action returns the correct model--
--Output from Test the save action correctly persists an instance--
--Output from Test that the show action returns the correct model--
--Output from Test that the edit action returns the correct model--
--Output from Test the update action performs an update on a valid domain instance--
--Output from Test that the delete action deletes an instance if it exists--
]]></system-err>
</testsuite>
