<?xml version="1.0" encoding="UTF-8" ?>
<testsuite errors="2" failures="1" hostname="StarFight-PC" name="pictureuploader.UserControllerSpec" tests="7" time="0.903" timestamp="2013-11-15T11:24:03">
  <properties />
  <testcase classname="pictureuploader.UserControllerSpec" name="Test the index action returns the correct model" time="0.336" />
  <testcase classname="pictureuploader.UserControllerSpec" name="Test the create action returns the correct model" time="0.097" />
  <testcase classname="pictureuploader.UserControllerSpec" name="Test the save action correctly persists an instance" time="0.117">
    <error message="Cannot redirect for object [pictureuploader.User : (unsaved)] it is not a domain or has no identifier. Use an explicit redirect instead " type="org.codehaus.groovy.grails.web.servlet.mvc.exceptions.CannotRedirectException">org.codehaus.groovy.grails.web.servlet.mvc.exceptions.CannotRedirectException: Cannot redirect for object [pictureuploader.User : (unsaved)] it is not a domain or has no identifier. Use an explicit redirect instead 
	at pictureuploader.UserController.save_closure4_closure9_closure10(UserController.groovy:43)
	at pictureuploader.UserController.save_closure4(UserController.groovy:40)
	at pictureuploader.UserControllerSpec.Test the save action correctly persists an instance(UserControllerSpec.groovy:52)
</error>
  </testcase>
  <testcase classname="pictureuploader.UserControllerSpec" name="Test that the show action returns the correct model" time="0.109" />
  <testcase classname="pictureuploader.UserControllerSpec" name="Test that the edit action returns the correct model" time="0.073" />
  <testcase classname="pictureuploader.UserControllerSpec" name="Test the update action performs an update on a valid domain instance" time="0.104">
    <error message="Cannot get property &apos;id&apos; on null object" type="java.lang.NullPointerException">java.lang.NullPointerException: Cannot get property &apos;id&apos; on null object
	at pictureuploader.UserControllerSpec.Test the update action performs an update on a valid domain instance(UserControllerSpec.groovy:118)
</error>
  </testcase>
  <testcase classname="pictureuploader.UserControllerSpec" name="Test that the delete action deletes an instance if it exists" time="0.066">
    <failure message="Condition not satisfied:&#xa;&#xa;User.count() == 1&#xa;     |       |&#xa;     0       false&#xa;" type="junit.framework.AssertionFailedError">junit.framework.AssertionFailedError: Condition not satisfied:

User.count() == 1
     |       |
     0       false

	at pictureuploader.UserControllerSpec.Test that the delete action deletes an instance if it exists(UserControllerSpec.groovy:136)
</failure>
  </testcase>
  <system-out><![CDATA[--Output from Test the index action returns the correct model--
--Output from Test the create action returns the correct model--
--Output from Test the save action correctly persists an instance--
--Output from Test that the show action returns the correct model--
--Output from Test that the edit action returns the correct model--
--Output from Test the update action performs an update on a valid domain instance--
--Output from Test that the delete action deletes an instance if it exists--
]]></system-out>
  <system-err><![CDATA[--Output from Test the index action returns the correct model--
--Output from Test the create action returns the correct model--
--Output from Test the save action correctly persists an instance--
--Output from Test that the show action returns the correct model--
--Output from Test that the edit action returns the correct model--
--Output from Test the update action performs an update on a valid domain instance--
--Output from Test that the delete action deletes an instance if it exists--
]]></system-err>
</testsuite>
